2023-02-21T18:00:28.971+0800	WARN	GetVideoList Failed!	{"error": "Error 1146: Table 'douyin.dy_video' doesn't exist"}
2023-02-21T18:00:28.972+0800	ERROR	videoList not exit	{"error": "Error 1146: Table 'douyin.dy_video' doesn't exist"}
2023-02-21T18:01:11.030+0800	WARN	GetVideoList Failed!	{"error": "Error 1146: Table 'douyin.dy_video' doesn't exist"}
2023-02-21T18:01:11.031+0800	ERROR	videoList not exit	{"error": "Error 1146: Table 'douyin.dy_video' doesn't exist"}
2023-02-21T18:01:23.144+0800	WARN	GetVideoList Failed!	{"error": "Error 1146: Table 'douyin.dy_video' doesn't exist"}
2023-02-21T18:01:23.144+0800	ERROR	videoList not exit	{"error": "Error 1146: Table 'douyin.dy_video' doesn't exist"}
2023-02-21T18:01:27.488+0800	WARN	GetVideoList Failed!	{"error": "Error 1146: Table 'douyin.dy_video' doesn't exist"}
2023-02-21T18:01:27.489+0800	ERROR	videoList not exit	{"error": "Error 1146: Table 'douyin.dy_video' doesn't exist"}
2023-02-21T18:01:36.507+0800	ERROR	创建用户失败!	{"error": "Error 1146: Table 'douyin.dy_user' doesn't exist"}
2023-02-21T18:18:39.024+0800	ERROR	创建用户失败!	{"error": "Error 1364: Field 'user_id' doesn't have a default value"}
2023-02-21T18:19:34.161+0800	ERROR	创建用户失败!	{"error": "用户已经存在"}
2023-02-21T18:19:36.402+0800	ERROR	logic.Login failed	{"username": "we", "error": "密码错误"}
2023-02-21T18:20:02.789+0800	ERROR	创建用户失败!	{"error": "Error 1364: Field 'user_id' doesn't have a default value"}
2023-02-21T18:21:47.011+0800	ERROR	缓存用户时出错出错！
2023-02-21T18:21:47.011+0800	ERROR	创建用户失败!	{"error": "dial tcp 81.68.239.206:6379: i/o timeout"}
2023-02-21T18:22:22.778+0800	ERROR	缓存用户时出错出错！
2023-02-21T18:22:22.778+0800	ERROR	logic.Login failed	{"username": "we", "error": "dial tcp 81.68.239.206:6379: i/o timeout"}
2023-02-21T18:25:56.992+0800	ERROR	创建用户失败!	{"error": "用户已经存在"}
2023-02-21T18:26:19.989+0800	ERROR	缓存用户时出错出错！
2023-02-21T18:26:19.989+0800	ERROR	创建用户失败!	{"error": "dial tcp 81.68.239.206:6379: i/o timeout"}
2023-02-21T18:26:46.243+0800	ERROR	缓存用户时出错出错！
2023-02-21T18:26:46.243+0800	ERROR	logic.Login failed	{"username": "we1", "error": "dial tcp 81.68.239.206:6379: i/o timeout"}
2023-02-21T18:35:45.082+0800	ERROR	创建用户失败!	{"error": "用户已经存在"}
2023-02-21T18:37:23.027+0800	ERROR	缓存用户时出错出错！
2023-02-21T18:37:23.027+0800	ERROR	创建用户失败!	{"error": "dial tcp 81.68.239.206:6379: i/o timeout"}
2023-02-21T18:37:51.460+0800	ERROR	缓存用户时出错出错！
2023-02-21T18:37:51.460+0800	ERROR	logic.Login failed	{"username": "testqq", "error": "dial tcp 81.68.239.206:6379: i/o timeout"}
2023-02-21T18:38:50.564+0800	ERROR	缓存用户时出错出错！
2023-02-21T18:38:50.564+0800	ERROR	创建用户失败!	{"error": "dial tcp 81.68.239.206:6379: i/o timeout"}
2023-02-21T18:39:47.214+0800	ERROR	创建用户失败!	{"error": "用户已经存在"}
2023-02-21T18:40:10.432+0800	ERROR	缓存用户时出错出错！
2023-02-21T18:40:10.432+0800	ERROR	创建用户失败!	{"error": "dial tcp 81.68.239.206:6379: i/o timeout"}
2023-02-21T18:40:44.420+0800	ERROR	缓存用户时出错出错！
2023-02-21T18:40:44.420+0800	ERROR	创建用户失败!	{"error": "dial tcp 81.68.239.206:6379: i/o timeout"}
2023-02-21T18:41:53.868+0800	ERROR	缓存用户时出错出错！
2023-02-21T18:41:53.868+0800	ERROR	创建用户失败!	{"error": "dial tcp 81.68.239.206:6379: i/o timeout"}
2023-02-21T18:54:54.913+0800	ERROR	缓存用户时出错出错！
2023-02-21T18:54:54.913+0800	ERROR	创建用户失败!	{"error": "dial tcp 127.0.0.1:6379: connectex: No connection could be made because the target machine actively refused it."}
2023-02-21T18:55:15.370+0800	ERROR	缓存用户时出错出错！
2023-02-21T18:55:15.370+0800	ERROR	logic.Login failed	{"username": "qwe12345", "error": "dial tcp 127.0.0.1:6379: connectex: No connection could be made because the target machine actively refused it."}
2023-02-21T18:55:20.732+0800	ERROR	创建用户失败!	{"error": "用户已经存在"}
2023-02-21T18:55:31.896+0800	ERROR	缓存用户时出错出错！
2023-02-21T18:55:31.896+0800	ERROR	创建用户失败!	{"error": "dial tcp 127.0.0.1:6379: connectex: No connection could be made because the target machine actively refused it."}
2023-02-21T18:55:58.055+0800	ERROR	缓存用户时出错出错！
2023-02-21T18:55:58.055+0800	ERROR	创建用户失败!	{"error": "dial tcp 127.0.0.1:6379: connectex: No connection could be made because the target machine actively refused it."}
2023-02-21T18:56:37.210+0800	ERROR	缓存用户时出错出错！
2023-02-21T18:56:37.210+0800	ERROR	创建用户失败!	{"error": "dial tcp 127.0.0.33:6379: connectex: No connection could be made because the target machine actively refused it."}
2023-02-21T19:59:57.595+0800	WARN	already followed
2023-02-21T20:00:01.689+0800	WARN	already followed
2023-02-21T20:02:14.378+0800	ERROR	缓存用户时出错出错！
2023-02-21T20:02:14.378+0800	ERROR	logic.Login failed	{"username": "we", "error": "dial tcp 127.0.0.1:6379: connectex: No connection could be made because the target machine actively refused it."}
2023-02-21T21:08:33.510+0800	ERROR	绑定错误	{"error": "Key: 'ParamFavoriteAction.VideoId' Error:Field validation for 'VideoId' failed on the 'required' tag"}
2023-02-21T21:08:34.639+0800	ERROR	绑定错误	{"error": "Key: 'ParamFavoriteAction.VideoId' Error:Field validation for 'VideoId' failed on the 'required' tag"}
2023-02-21T21:08:35.259+0800	ERROR	绑定错误	{"error": "Key: 'ParamFavoriteAction.VideoId' Error:Field validation for 'VideoId' failed on the 'required' tag"}
2023-02-21T21:08:35.422+0800	ERROR	绑定错误	{"error": "Key: 'ParamFavoriteAction.VideoId' Error:Field validation for 'VideoId' failed on the 'required' tag"}
2023-02-21T21:08:35.856+0800	ERROR	绑定错误	{"error": "Key: 'ParamFavoriteAction.VideoId' Error:Field validation for 'VideoId' failed on the 'required' tag"}
2023-02-21T21:08:36.022+0800	ERROR	绑定错误	{"error": "Key: 'ParamFavoriteAction.VideoId' Error:Field validation for 'VideoId' failed on the 'required' tag"}
2023-02-21T21:08:45.106+0800	ERROR	绑定错误	{"error": "Key: 'ParamFavoriteAction.VideoId' Error:Field validation for 'VideoId' failed on the 'required' tag"}
2023-02-22T10:23:12.800+0800	WARN	already followed
2023-02-22T11:18:10.719+0800	WARN	already followed
2023-02-22T11:19:25.476+0800	WARN	already followed
2023-02-22T11:25:12.115+0800	WARN	already followed
2023-02-22T11:25:33.891+0800	WARN	already followed
2023-02-22T11:25:45.757+0800	WARN	already followed
2023-02-22T11:27:27.796+0800	WARN	already followed
2023-02-22T11:29:52.516+0800	WARN	already followed
2023-02-22T11:31:55.012+0800	WARN	already followed
2023-02-22T11:33:22.415+0800	WARN	already followed
2023-02-22T11:55:06.693+0800	WARN	already followed
2023-02-22T11:55:20.801+0800	WARN	already followed
2023-02-22T11:59:56.767+0800	WARN	already followed
2023-02-22T12:01:14.461+0800	WARN	already followed
2023-02-22T12:04:00.520+0800	ERROR	logic.Login failed	{"username": "testB", "error": "用户不存在"}
2023-02-22T13:07:59.601+0800	WARN	already followed
2023-02-22T13:08:02.559+0800	WARN	already followed
2023-02-22T16:03:39.957+0800	ERROR	Error in Chat!
2023-02-22T16:03:45.082+0800	ERROR	Error in Chat!
2023-02-22T16:04:25.741+0800	ERROR	Error in Chat!
2023-02-22T16:04:30.867+0800	ERROR	Error in Chat!
2023-02-22T16:04:35.877+0800	ERROR	Error in Chat!
2023-02-22T16:04:40.903+0800	ERROR	Error in Chat!
2023-02-22T16:04:45.964+0800	ERROR	Error in Chat!
2023-02-22T16:04:51.253+0800	ERROR	Error in Chat!
2023-02-22T16:04:54.619+0800	ERROR	Error in Chat!
2023-02-22T16:04:59.763+0800	ERROR	Error in Chat!
2023-02-22T16:05:04.791+0800	ERROR	Error in Chat!
2023-02-22T16:16:17.944+0800	ERROR	Error in Chat!
2023-02-22T16:16:23.034+0800	ERROR	Error in Chat!
2023-02-22T16:16:28.046+0800	ERROR	Error in Chat!
2023-02-22T16:16:33.074+0800	ERROR	Error in Chat!
2023-02-22T16:29:51.577+0800	ERROR	Error in Chat!
2023-02-22T16:29:56.829+0800	ERROR	Error in Chat!
2023-02-22T16:31:22.242+0800	ERROR	Error in Chat!
2023-02-22T16:31:27.398+0800	ERROR	Error in Chat!
2023-02-22T16:31:32.444+0800	ERROR	Error in Chat!
2023-02-22T16:36:45.553+0800	ERROR	Error in Chat!
2023-02-22T16:36:50.651+0800	ERROR	Error in Chat!
2023-02-22T16:38:37.579+0800	ERROR	Error in Chat!
2023-02-22T16:38:42.657+0800	ERROR	Error in Chat!
2023-02-22T16:38:47.692+0800	ERROR	Error in Chat!
2023-02-22T16:43:52.684+0800	ERROR	Error in Chat!
2023-02-22T16:43:57.767+0800	ERROR	Error in Chat!
2023-02-22T16:44:02.778+0800	ERROR	Error in Chat!
2023-02-22T16:44:07.795+0800	ERROR	Error in Chat!
2023-02-22T16:52:09.711+0800	ERROR	Error in Chat!
2023-02-22T16:52:15.802+0800	ERROR	Error in Chat!
2023-02-22T16:52:20.814+0800	ERROR	Error in Chat!
2023-02-22T16:52:25.822+0800	ERROR	Error in Chat!
2023-02-22T16:52:30.831+0800	ERROR	Error in Chat!
2023-02-22T16:52:36.845+0800	ERROR	Error in Chat!
2023-02-22T16:52:41.855+0800	ERROR	Error in Chat!
2023-02-22T16:52:46.864+0800	ERROR	Error in Chat!
2023-02-22T16:52:51.874+0800	ERROR	Error in Chat!
2023-02-22T16:55:03.079+0800	ERROR	Error in Chat!
2023-02-22T16:55:08.167+0800	ERROR	Error in Chat!
2023-02-22T16:55:13.177+0800	ERROR	Error in Chat!
2023-02-22T16:55:18.189+0800	ERROR	Error in Chat!
2023-02-22T16:55:23.204+0800	ERROR	Error in Chat!
2023-02-22T16:55:28.241+0800	ERROR	Error in Chat!
2023-02-22T17:00:38.654+0800	ERROR	Error in Chat!
2023-02-22T17:00:43.803+0800	ERROR	Error in Chat!
2023-02-22T17:01:43.763+0800	ERROR	Error in Chat!
2023-02-22T17:05:46.272+0800	ERROR	Error in Chat!
2023-02-22T17:05:51.369+0800	ERROR	Error in Chat!
2023-02-22T17:05:56.382+0800	ERROR	Error in Chat!
2023-02-22T17:07:10.721+0800	ERROR	Error in Chat!
2023-02-22T17:07:15.820+0800	ERROR	Error in Chat!
2023-02-22T17:07:20.829+0800	ERROR	Error in Chat!
2023-02-22T17:12:38.548+0800	ERROR	Error in Chat!
2023-02-22T17:12:43.659+0800	ERROR	Error in Chat!
2023-02-22T17:21:48.507+0800	ERROR	Error in Chat!
2023-02-22T17:23:53.593+0800	ERROR	Error in Chat!
2023-02-22T17:23:58.692+0800	ERROR	Error in Chat!
2023-02-22T17:24:03.704+0800	ERROR	Error in Chat!
2023-02-22T17:41:36.465+0800	ERROR	Error in Chat!
2023-02-22T17:59:57.266+0800	ERROR	Error in Chat!
2023-02-22T18:00:18.734+0800	ERROR	Error in Chat!
2023-02-22T18:00:23.458+0800	ERROR	Error in Chat!
2023-02-22T18:00:28.536+0800	ERROR	Error in Chat!
2023-02-22T18:00:33.548+0800	ERROR	Error in Chat!
2023-02-22T18:00:38.561+0800	ERROR	Error in Chat!
2023-02-22T18:00:43.842+0800	ERROR	Error in Chat!
2023-02-22T18:00:48.901+0800	ERROR	Error in Chat!
2023-02-22T18:01:47.398+0800	ERROR	Error in Chat!
2023-02-22T18:01:52.529+0800	ERROR	Error in Chat!
2023-02-22T18:01:57.542+0800	ERROR	Error in Chat!
2023-02-22T18:02:02.552+0800	ERROR	Error in Chat!
2023-02-22T18:24:01.308+0800	ERROR	Error in Chat!
2023-02-22T18:24:05.371+0800	ERROR	Error in Chat!
2023-02-22T18:24:10.431+0800	ERROR	Error in Chat!
2023-02-22T18:24:15.446+0800	ERROR	Error in Chat!
2023-02-22T18:27:44.763+0800	ERROR	Error in Chat!
2023-02-22T18:27:49.854+0800	ERROR	Error in Chat!
2023-02-22T18:28:31.477+0800	ERROR	Error in Chat!
2023-02-22T18:28:36.541+0800	ERROR	Error in Chat!
2023-02-22T18:29:05.958+0800	ERROR	Error in Chat!
2023-02-22T18:29:11.096+0800	ERROR	Error in Chat!
2023-02-22T18:30:20.663+0800	ERROR	Error in Chat!
2023-02-22T18:30:25.766+0800	ERROR	Error in Chat!
2023-02-22T18:30:30.779+0800	ERROR	Error in Chat!
2023-02-22T18:30:35.797+0800	ERROR	Error in Chat!
2023-02-22T18:30:40.810+0800	ERROR	Error in Chat!
2023-02-22T18:30:45.824+0800	ERROR	Error in Chat!
2023-02-22T18:30:50.833+0800	ERROR	Error in Chat!
2023-02-22T18:31:28.153+0800	ERROR	Error in Chat!
2023-02-22T18:31:33.230+0800	ERROR	Error in Chat!
2023-02-22T18:31:38.239+0800	ERROR	Error in Chat!
2023-02-22T18:31:43.247+0800	ERROR	Error in Chat!
2023-02-22T18:31:48.257+0800	ERROR	Error in Chat!
2023-02-22T18:31:53.268+0800	ERROR	Error in Chat!
2023-02-22T18:31:58.281+0800	ERROR	Error in Chat!
2023-02-22T18:32:03.300+0800	ERROR	Error in Chat!
2023-02-22T18:32:08.312+0800	ERROR	Error in Chat!
2023-02-22T18:32:13.321+0800	ERROR	Error in Chat!
2023-02-22T18:32:18.332+0800	ERROR	Error in Chat!
2023-02-22T18:32:23.342+0800	ERROR	Error in Chat!
2023-02-22T18:32:28.351+0800	ERROR	Error in Chat!
2023-02-22T18:32:33.361+0800	ERROR	Error in Chat!
2023-02-22T18:32:38.371+0800	ERROR	Error in Chat!
2023-02-22T18:32:43.383+0800	ERROR	Error in Chat!
2023-02-22T18:32:48.395+0800	ERROR	Error in Chat!
2023-02-22T18:32:53.415+0800	ERROR	Error in Chat!
2023-02-22T18:32:58.424+0800	ERROR	Error in Chat!
2023-02-22T18:33:03.437+0800	ERROR	Error in Chat!
2023-02-22T18:33:08.446+0800	ERROR	Error in Chat!
2023-02-22T18:33:13.456+0800	ERROR	Error in Chat!
2023-02-22T18:33:18.468+0800	ERROR	Error in Chat!
2023-02-22T18:33:23.477+0800	ERROR	Error in Chat!
2023-02-22T18:33:28.488+0800	ERROR	Error in Chat!
2023-02-22T18:33:33.497+0800	ERROR	Error in Chat!
2023-02-22T18:33:38.508+0800	ERROR	Error in Chat!
2023-02-22T18:33:43.519+0800	ERROR	Error in Chat!
2023-02-22T18:33:48.529+0800	ERROR	Error in Chat!
2023-02-22T18:33:53.539+0800	ERROR	Error in Chat!
2023-02-22T18:33:58.550+0800	ERROR	Error in Chat!
2023-02-22T18:37:40.656+0800	ERROR	Error in Chat!
2023-02-22T18:37:45.755+0800	ERROR	Error in Chat!
2023-02-22T18:37:50.768+0800	ERROR	Error in Chat!
2023-02-22T18:37:55.780+0800	ERROR	Error in Chat!
2023-02-22T18:38:00.793+0800	ERROR	Error in Chat!
2023-02-22T18:38:05.813+0800	ERROR	Error in Chat!
2023-02-22T18:38:19.860+0800	ERROR	Error in Chat!
2023-02-22T18:38:25.192+0800	ERROR	Error in Chat!
2023-02-22T18:38:30.291+0800	ERROR	Error in Chat!
2023-02-22T18:41:47.377+0800	ERROR	Error in Chat!
2023-02-22T18:41:52.479+0800	ERROR	Error in Chat!
2023-02-22T18:41:57.492+0800	ERROR	Error in Chat!
2023-02-22T18:42:02.504+0800	ERROR	Error in Chat!
2023-02-22T18:42:07.517+0800	ERROR	Error in Chat!
2023-02-22T18:42:12.530+0800	ERROR	Error in Chat!
2023-02-22T18:48:49.867+0800	ERROR	Error in Chat!
2023-02-22T18:48:54.995+0800	ERROR	Error in Chat!
2023-02-22T18:49:00.007+0800	ERROR	Error in Chat!
2023-02-22T18:49:05.020+0800	ERROR	Error in Chat!
2023-02-22T18:49:10.033+0800	ERROR	Error in Chat!
2023-02-22T18:49:15.046+0800	ERROR	Error in Chat!
2023-02-22T18:49:20.061+0800	ERROR	Error in Chat!
2023-02-22T18:49:25.081+0800	ERROR	Error in Chat!
2023-02-22T18:49:54.759+0800	ERROR	Error in Chat!
2023-02-22T18:49:59.850+0800	ERROR	Error in Chat!
2023-02-22T18:50:04.863+0800	ERROR	Error in Chat!
2023-02-22T18:50:09.882+0800	ERROR	Error in Chat!
2023-02-22T18:50:14.899+0800	ERROR	Error in Chat!
2023-02-22T18:50:19.911+0800	ERROR	Error in Chat!
2023-02-22T18:50:24.924+0800	ERROR	Error in Chat!
2023-02-22T18:50:29.944+0800	ERROR	Error in Chat!
2023-02-22T18:50:34.956+0800	ERROR	Error in Chat!
2023-02-22T18:50:39.965+0800	ERROR	Error in Chat!
2023-02-22T18:53:02.843+0800	ERROR	Error in Chat!
2023-02-22T18:56:49.011+0800	ERROR	Error in Chat!
2023-02-22T18:58:35.229+0800	ERROR	Error in Chat!
2023-02-22T18:58:40.331+0800	ERROR	Error in Chat!
2023-02-22T18:58:45.344+0800	ERROR	Error in Chat!
2023-02-22T18:58:50.363+0800	ERROR	Error in Chat!
2023-02-22T18:59:48.541+0800	ERROR	错误
2023-02-22T19:02:21.064+0800	ERROR	Error in Chat!
2023-02-22T19:04:25.557+0800	ERROR	Error in Chat!
2023-02-22T19:06:07.449+0800	ERROR	Error in Chat!
2023-02-22T19:11:37.501+0800	ERROR	Error in Chat!
2023-02-22T19:31:52.823+0800	ERROR	Error in Chat!
2023-02-22T19:31:54.929+0800	ERROR	Error in Chat!
2023-02-22T19:31:56.945+0800	ERROR	Error in Chat!
2023-02-22T19:33:04.464+0800	ERROR	Error in Chat!
2023-02-22T19:35:12.553+0800	ERROR	Error in Chat!
2023-02-22T19:37:25.339+0800	ERROR	Error in Chat!
2023-02-22T19:37:34.687+0800	ERROR	Error in Chat!
2023-02-22T19:39:18.557+0800	ERROR	Error in Chat!
2023-02-22T19:39:23.739+0800	ERROR	Error in Chat!
2023-02-22T19:40:44.656+0800	ERROR	Error in Chat!
2023-02-22T19:40:49.798+0800	ERROR	Error in Chat!
2023-02-22T19:40:57.284+0800	ERROR	Error in Chat!
2023-02-22T19:41:18.697+0800	ERROR	Error in Chat!
2023-02-22T19:42:10.316+0800	ERROR	Error in Chat!
2023-02-22T19:42:15.433+0800	ERROR	Error in Chat!
2023-02-22T19:42:20.451+0800	ERROR	Error in Chat!
2023-02-22T19:42:25.464+0800	ERROR	Error in Chat!
2023-02-22T19:42:30.478+0800	ERROR	Error in Chat!
2023-02-22T19:42:35.491+0800	ERROR	Error in Chat!
2023-02-22T19:42:40.506+0800	ERROR	Error in Chat!
2023-02-22T19:42:45.520+0800	ERROR	Error in Chat!
2023-02-22T19:42:50.533+0800	ERROR	Error in Chat!
2023-02-22T19:45:30.363+0800	ERROR	Error in Chat!
2023-02-23T10:57:17.607+0800	ERROR	创建用户失败!	{"error": "用户已经存在"}
2023-02-23T10:58:43.595+0800	ERROR	创建用户失败!	{"error": "用户已经存在"}
2023-02-23T10:59:02.844+0800	ERROR	logic.Login failed	{"username": "test11", "error": "密码错误"}
2023-02-23T11:00:52.202+0800	ERROR	创建用户失败!	{"error": "用户已经存在"}
2023-02-23T11:03:26.096+0800	ERROR	创建用户失败!	{"error": "用户已经存在"}
2023-02-23T11:03:40.398+0800	ERROR	logic.Login failed	{"username": "testAA", "error": "密码错误"}
2023-02-23T11:04:58.339+0800	WARN	already followed
